2022-05-24 10:27:34,305 :DEBUG : selenium.webdriver.remote.remote_connection :POST http://localhost:64481/session/bdd9eda006925f6bb1af1a5b9416b437/element {"using": "css selector", "value": "[id=\"input-email\"]"}
2022-05-24 10:27:34,320 :DEBUG : urllib3.connectionpool :http://localhost:64481 "POST /session/bdd9eda006925f6bb1af1a5b9416b437/element HTTP/1.1" 200 88
2022-05-24 10:27:34,322 :DEBUG : selenium.webdriver.remote.remote_connection :Finished Request
2022-05-24 10:27:34,322 :DEBUG : selenium.webdriver.remote.remote_connection :POST http://localhost:64481/session/bdd9eda006925f6bb1af1a5b9416b437/element/c005dda4-a629-4df8-be0b-992080b83ed6/clear {"id": "c005dda4-a629-4df8-be0b-992080b83ed6"}
2022-05-24 10:27:34,355 :DEBUG : urllib3.connectionpool :http://localhost:64481 "POST /session/bdd9eda006925f6bb1af1a5b9416b437/element/c005dda4-a629-4df8-be0b-992080b83ed6/clear HTTP/1.1" 200 14
2022-05-24 10:27:34,355 :DEBUG : selenium.webdriver.remote.remote_connection :Finished Request
2022-05-24 10:27:34,355 :DEBUG : selenium.webdriver.remote.remote_connection :POST http://localhost:64481/session/bdd9eda006925f6bb1af1a5b9416b437/element {"using": "css selector", "value": "[id=\"input-email\"]"}
2022-05-24 10:27:34,368 :DEBUG : urllib3.connectionpool :http://localhost:64481 "POST /session/bdd9eda006925f6bb1af1a5b9416b437/element HTTP/1.1" 200 88
2022-05-24 10:27:34,368 :DEBUG : selenium.webdriver.remote.remote_connection :Finished Request
2022-05-24 10:27:34,368 :DEBUG : selenium.webdriver.remote.remote_connection :POST http://localhost:64481/session/bdd9eda006925f6bb1af1a5b9416b437/element/c005dda4-a629-4df8-be0b-992080b83ed6/value {"text": "YaroBaro@gmail.com", "value": ["Y", "a", "r", "o", "B", "a", "r", "o", "@", "g", "m", "a", "i", "l", ".", "c", "o", "m"], "id": "c005dda4-a629-4df8-be0b-992080b83ed6"}
2022-05-24 10:27:34,436 :DEBUG : urllib3.connectionpool :http://localhost:64481 "POST /session/bdd9eda006925f6bb1af1a5b9416b437/element/c005dda4-a629-4df8-be0b-992080b83ed6/value HTTP/1.1" 200 14
2022-05-24 10:27:34,437 :DEBUG : selenium.webdriver.remote.remote_connection :Finished Request
2022-05-24 10:27:34,438 :INFO : root :Inputed email: YaroBaro@gmail.com
2022-05-24 10:27:34,439 :DEBUG : selenium.webdriver.remote.remote_connection :POST http://localhost:64481/session/bdd9eda006925f6bb1af1a5b9416b437/element {"using": "css selector", "value": "[id=\"input-firstname\"]"}
2022-05-24 10:27:34,451 :DEBUG : urllib3.connectionpool :http://localhost:64481 "POST /session/bdd9eda006925f6bb1af1a5b9416b437/element HTTP/1.1" 200 88
2022-05-24 10:27:34,452 :DEBUG : selenium.webdriver.remote.remote_connection :Finished Request
2022-05-24 10:27:34,452 :DEBUG : selenium.webdriver.remote.remote_connection :POST http://localhost:64481/session/bdd9eda006925f6bb1af1a5b9416b437/element/1edfc89e-c64c-4c49-bf3b-3b6223298ecf/clear {"id": "1edfc89e-c64c-4c49-bf3b-3b6223298ecf"}
2022-05-24 10:27:34,486 :DEBUG : urllib3.connectionpool :http://localhost:64481 "POST /session/bdd9eda006925f6bb1af1a5b9416b437/element/1edfc89e-c64c-4c49-bf3b-3b6223298ecf/clear HTTP/1.1" 200 14
2022-05-24 10:27:34,486 :DEBUG : selenium.webdriver.remote.remote_connection :Finished Request
2022-05-24 10:27:34,490 :DEBUG : selenium.webdriver.remote.remote_connection :POST http://localhost:64481/session/bdd9eda006925f6bb1af1a5b9416b437/element {"using": "css selector", "value": "[id=\"input-firstname\"]"}
2022-05-24 10:27:34,497 :DEBUG : urllib3.connectionpool :http://localhost:64481 "POST /session/bdd9eda006925f6bb1af1a5b9416b437/element HTTP/1.1" 200 88
2022-05-24 10:27:34,498 :DEBUG : selenium.webdriver.remote.remote_connection :Finished Request
2022-05-24 10:27:34,498 :DEBUG : selenium.webdriver.remote.remote_connection :POST http://localhost:64481/session/bdd9eda006925f6bb1af1a5b9416b437/element/1edfc89e-c64c-4c49-bf3b-3b6223298ecf/value {"text": "Yaro", "value": ["Y", "a", "r", "o"], "id": "1edfc89e-c64c-4c49-bf3b-3b6223298ecf"}
2022-05-24 10:27:34,544 :DEBUG : urllib3.connectionpool :http://localhost:64481 "POST /session/bdd9eda006925f6bb1af1a5b9416b437/element/1edfc89e-c64c-4c49-bf3b-3b6223298ecf/value HTTP/1.1" 200 14
2022-05-24 10:27:34,545 :DEBUG : selenium.webdriver.remote.remote_connection :Finished Request
2022-05-24 10:27:34,545 :INFO : root :Inputed firstname: Yaro
2022-05-24 10:27:34,546 :DEBUG : selenium.webdriver.remote.remote_connection :POST http://localhost:64481/session/bdd9eda006925f6bb1af1a5b9416b437/element {"using": "css selector", "value": "[id=\"input-lastname\"]"}
2022-05-24 10:27:34,559 :DEBUG : urllib3.connectionpool :http://localhost:64481 "POST /session/bdd9eda006925f6bb1af1a5b9416b437/element HTTP/1.1" 200 88
2022-05-24 10:27:34,560 :DEBUG : selenium.webdriver.remote.remote_connection :Finished Request
2022-05-24 10:27:34,560 :DEBUG : selenium.webdriver.remote.remote_connection :POST http://localhost:64481/session/bdd9eda006925f6bb1af1a5b9416b437/element/51ec33a2-5107-4f3f-99d3-79fa132fdd8c/clear {"id": "51ec33a2-5107-4f3f-99d3-79fa132fdd8c"}
2022-05-24 10:27:34,596 :DEBUG : urllib3.connectionpool :http://localhost:64481 "POST /session/bdd9eda006925f6bb1af1a5b9416b437/element/51ec33a2-5107-4f3f-99d3-79fa132fdd8c/clear HTTP/1.1" 200 14
2022-05-24 10:27:34,597 :DEBUG : selenium.webdriver.remote.remote_connection :Finished Request
2022-05-24 10:27:34,597 :DEBUG : selenium.webdriver.remote.remote_connection :POST http://localhost:64481/session/bdd9eda006925f6bb1af1a5b9416b437/element {"using": "css selector", "value": "[id=\"input-lastname\"]"}
2022-05-24 10:27:34,603 :DEBUG : urllib3.connectionpool :http://localhost:64481 "POST /session/bdd9eda006925f6bb1af1a5b9416b437/element HTTP/1.1" 200 88
2022-05-24 10:27:34,603 :DEBUG : selenium.webdriver.remote.remote_connection :Finished Request
2022-05-24 10:27:34,603 :DEBUG : selenium.webdriver.remote.remote_connection :POST http://localhost:64481/session/bdd9eda006925f6bb1af1a5b9416b437/element/51ec33a2-5107-4f3f-99d3-79fa132fdd8c/value {"text": "Baro", "value": ["B", "a", "r", "o"], "id": "51ec33a2-5107-4f3f-99d3-79fa132fdd8c"}
2022-05-24 10:27:34,648 :DEBUG : urllib3.connectionpool :http://localhost:64481 "POST /session/bdd9eda006925f6bb1af1a5b9416b437/element/51ec33a2-5107-4f3f-99d3-79fa132fdd8c/value HTTP/1.1" 200 14
2022-05-24 10:27:34,649 :DEBUG : selenium.webdriver.remote.remote_connection :Finished Request
2022-05-24 10:27:34,649 :INFO : root :Inputed lastname: Baro
2022-05-24 10:27:34,650 :DEBUG : selenium.webdriver.remote.remote_connection :POST http://localhost:64481/session/bdd9eda006925f6bb1af1a5b9416b437/element {"using": "css selector", "value": "[id=\"input-confirm\"]"}
2022-05-24 10:27:34,663 :DEBUG : urllib3.connectionpool :http://localhost:64481 "POST /session/bdd9eda006925f6bb1af1a5b9416b437/element HTTP/1.1" 200 88
2022-05-24 10:27:34,663 :DEBUG : selenium.webdriver.remote.remote_connection :Finished Request
2022-05-24 10:27:34,664 :DEBUG : selenium.webdriver.remote.remote_connection :POST http://localhost:64481/session/bdd9eda006925f6bb1af1a5b9416b437/element/e6e99b29-4f28-4455-890d-90817b5ebc68/clear {"id": "e6e99b29-4f28-4455-890d-90817b5ebc68"}
2022-05-24 10:27:34,700 :DEBUG : urllib3.connectionpool :http://localhost:64481 "POST /session/bdd9eda006925f6bb1af1a5b9416b437/element/e6e99b29-4f28-4455-890d-90817b5ebc68/clear HTTP/1.1" 200 14
2022-05-24 10:27:34,700 :DEBUG : selenium.webdriver.remote.remote_connection :Finished Request
2022-05-24 10:27:34,701 :DEBUG : selenium.webdriver.remote.remote_connection :POST http://localhost:64481/session/bdd9eda006925f6bb1af1a5b9416b437/element {"using": "css selector", "value": "[id=\"input-confirm\"]"}
2022-05-24 10:27:34,708 :DEBUG : urllib3.connectionpool :http://localhost:64481 "POST /session/bdd9eda006925f6bb1af1a5b9416b437/element HTTP/1.1" 200 88
2022-05-24 10:27:34,708 :DEBUG : selenium.webdriver.remote.remote_connection :Finished Request
2022-05-24 10:27:34,709 :DEBUG : selenium.webdriver.remote.remote_connection :POST http://localhost:64481/session/bdd9eda006925f6bb1af1a5b9416b437/element/e6e99b29-4f28-4455-890d-90817b5ebc68/value {"text": "password", "value": ["p", "a", "s", "s", "w", "o", "r", "d"], "id": "e6e99b29-4f28-4455-890d-90817b5ebc68"}
2022-05-24 10:27:34,759 :DEBUG : urllib3.connectionpool :http://localhost:64481 "POST /session/bdd9eda006925f6bb1af1a5b9416b437/element/e6e99b29-4f28-4455-890d-90817b5ebc68/value HTTP/1.1" 200 14
2022-05-24 10:27:34,759 :DEBUG : selenium.webdriver.remote.remote_connection :Finished Request
2022-05-24 10:27:34,760 :INFO : root :Confirmed password:  password
2022-05-24 10:27:34,761 :DEBUG : selenium.webdriver.remote.remote_connection :POST http://localhost:64481/session/bdd9eda006925f6bb1af1a5b9416b437/element {"using": "css selector", "value": "[id=\"input-password\"]"}
2022-05-24 10:27:34,772 :DEBUG : urllib3.connectionpool :http://localhost:64481 "POST /session/bdd9eda006925f6bb1af1a5b9416b437/element HTTP/1.1" 200 88
2022-05-24 10:27:34,772 :DEBUG : selenium.webdriver.remote.remote_connection :Finished Request
2022-05-24 10:27:34,773 :DEBUG : selenium.webdriver.remote.remote_connection :POST http://localhost:64481/session/bdd9eda006925f6bb1af1a5b9416b437/element/d8490973-d862-4e58-88f7-bd4c505857fd/clear {"id": "d8490973-d862-4e58-88f7-bd4c505857fd"}
2022-05-24 10:27:34,814 :DEBUG : urllib3.connectionpool :http://localhost:64481 "POST /session/bdd9eda006925f6bb1af1a5b9416b437/element/d8490973-d862-4e58-88f7-bd4c505857fd/clear HTTP/1.1" 200 14
2022-05-24 10:27:34,814 :DEBUG : selenium.webdriver.remote.remote_connection :Finished Request
2022-05-24 10:27:34,815 :DEBUG : selenium.webdriver.remote.remote_connection :POST http://localhost:64481/session/bdd9eda006925f6bb1af1a5b9416b437/element {"using": "css selector", "value": "[id=\"input-password\"]"}
2022-05-24 10:27:34,822 :DEBUG : urllib3.connectionpool :http://localhost:64481 "POST /session/bdd9eda006925f6bb1af1a5b9416b437/element HTTP/1.1" 200 88
2022-05-24 10:27:34,823 :DEBUG : selenium.webdriver.remote.remote_connection :Finished Request
2022-05-24 10:27:34,823 :DEBUG : selenium.webdriver.remote.remote_connection :POST http://localhost:64481/session/bdd9eda006925f6bb1af1a5b9416b437/element/d8490973-d862-4e58-88f7-bd4c505857fd/value {"text": "password", "value": ["p", "a", "s", "s", "w", "o", "r", "d"], "id": "d8490973-d862-4e58-88f7-bd4c505857fd"}
2022-05-24 10:27:34,874 :DEBUG : urllib3.connectionpool :http://localhost:64481 "POST /session/bdd9eda006925f6bb1af1a5b9416b437/element/d8490973-d862-4e58-88f7-bd4c505857fd/value HTTP/1.1" 200 14
2022-05-24 10:27:34,875 :DEBUG : selenium.webdriver.remote.remote_connection :Finished Request
2022-05-24 10:27:34,875 :INFO : root :Inputed password: password
2022-05-24 10:27:34,876 :DEBUG : selenium.webdriver.remote.remote_connection :POST http://localhost:64481/session/bdd9eda006925f6bb1af1a5b9416b437/element {"using": "css selector", "value": "[id=\"input-telephone\"]"}
2022-05-24 10:27:34,888 :DEBUG : urllib3.connectionpool :http://localhost:64481 "POST /session/bdd9eda006925f6bb1af1a5b9416b437/element HTTP/1.1" 200 88
2022-05-24 10:27:34,889 :DEBUG : selenium.webdriver.remote.remote_connection :Finished Request
2022-05-24 10:27:34,889 :DEBUG : selenium.webdriver.remote.remote_connection :POST http://localhost:64481/session/bdd9eda006925f6bb1af1a5b9416b437/element/c4fad3d6-13b9-4f37-ad8d-30a4db1db96d/clear {"id": "c4fad3d6-13b9-4f37-ad8d-30a4db1db96d"}
2022-05-24 10:27:34,925 :DEBUG : urllib3.connectionpool :http://localhost:64481 "POST /session/bdd9eda006925f6bb1af1a5b9416b437/element/c4fad3d6-13b9-4f37-ad8d-30a4db1db96d/clear HTTP/1.1" 200 14
2022-05-24 10:27:34,926 :DEBUG : selenium.webdriver.remote.remote_connection :Finished Request
2022-05-24 10:27:34,926 :DEBUG : selenium.webdriver.remote.remote_connection :POST http://localhost:64481/session/bdd9eda006925f6bb1af1a5b9416b437/element {"using": "css selector", "value": "[id=\"input-telephone\"]"}
2022-05-24 10:27:34,932 :DEBUG : urllib3.connectionpool :http://localhost:64481 "POST /session/bdd9eda006925f6bb1af1a5b9416b437/element HTTP/1.1" 200 88
2022-05-24 10:27:34,932 :DEBUG : selenium.webdriver.remote.remote_connection :Finished Request
2022-05-24 10:27:34,932 :DEBUG : selenium.webdriver.remote.remote_connection :POST http://localhost:64481/session/bdd9eda006925f6bb1af1a5b9416b437/element/c4fad3d6-13b9-4f37-ad8d-30a4db1db96d/value {"text": "666444555", "value": ["6", "6", "6", "4", "4", "4", "5", "5", "5"], "id": "c4fad3d6-13b9-4f37-ad8d-30a4db1db96d"}
2022-05-24 10:27:35,007 :DEBUG : urllib3.connectionpool :http://localhost:64481 "POST /session/bdd9eda006925f6bb1af1a5b9416b437/element/c4fad3d6-13b9-4f37-ad8d-30a4db1db96d/value HTTP/1.1" 200 14
2022-05-24 10:27:35,008 :DEBUG : selenium.webdriver.remote.remote_connection :Finished Request
2022-05-24 10:27:35,008 :INFO : root :Inputed telephone: 666444555
2022-05-24 10:27:35,008 :DEBUG : selenium.webdriver.remote.remote_connection :POST http://localhost:64481/session/bdd9eda006925f6bb1af1a5b9416b437/url {"url": "chrome://settings/clearBrowserData"}
2022-05-24 10:27:35,576 :DEBUG : urllib3.connectionpool :http://localhost:64481 "POST /session/bdd9eda006925f6bb1af1a5b9416b437/url HTTP/1.1" 200 14
2022-05-24 10:27:35,577 :DEBUG : selenium.webdriver.remote.remote_connection :Finished Request
2022-05-24 10:27:38,734 :DEBUG : selenium.webdriver.remote.remote_connection :DELETE http://localhost:64481/session/bdd9eda006925f6bb1af1a5b9416b437/window {}
2022-05-24 10:27:38,850 :DEBUG : urllib3.connectionpool :http://localhost:64481 "DELETE /session/bdd9eda006925f6bb1af1a5b9416b437/window HTTP/1.1" 200 12
2022-05-24 10:27:38,851 :DEBUG : selenium.webdriver.remote.remote_connection :Finished Request
2022-05-24 10:27:38,852 :DEBUG : selenium.webdriver.remote.remote_connection :DELETE http://localhost:64481/session/bdd9eda006925f6bb1af1a5b9416b437 {}
2022-05-24 10:27:38,899 :DEBUG : urllib3.connectionpool :http://localhost:64481 "DELETE /session/bdd9eda006925f6bb1af1a5b9416b437 HTTP/1.1" 200 14
2022-05-24 10:27:38,914 :DEBUG : selenium.webdriver.remote.remote_connection :Finished Request
2022-05-24 10:33:08,368 :DEBUG : selenium.webdriver.remote.remote_connection :POST http://localhost:64706/session/5e1ae2b721d66a4cc4c8172e3e09d310/element {"using": "css selector", "value": "[id=\"input-email\"]"}
2022-05-24 10:33:08,386 :DEBUG : urllib3.connectionpool :http://localhost:64706 "POST /session/5e1ae2b721d66a4cc4c8172e3e09d310/element HTTP/1.1" 200 88
2022-05-24 10:33:08,387 :DEBUG : selenium.webdriver.remote.remote_connection :Finished Request
2022-05-24 10:33:08,387 :DEBUG : selenium.webdriver.remote.remote_connection :POST http://localhost:64706/session/5e1ae2b721d66a4cc4c8172e3e09d310/element/a75b88fc-5aaa-4ff8-b985-d70dd9bc5412/clear {"id": "a75b88fc-5aaa-4ff8-b985-d70dd9bc5412"}
2022-05-24 10:33:08,419 :DEBUG : urllib3.connectionpool :http://localhost:64706 "POST /session/5e1ae2b721d66a4cc4c8172e3e09d310/element/a75b88fc-5aaa-4ff8-b985-d70dd9bc5412/clear HTTP/1.1" 200 14
2022-05-24 10:33:08,419 :DEBUG : selenium.webdriver.remote.remote_connection :Finished Request
2022-05-24 10:33:08,419 :DEBUG : selenium.webdriver.remote.remote_connection :POST http://localhost:64706/session/5e1ae2b721d66a4cc4c8172e3e09d310/element {"using": "css selector", "value": "[id=\"input-email\"]"}
2022-05-24 10:33:08,431 :DEBUG : urllib3.connectionpool :http://localhost:64706 "POST /session/5e1ae2b721d66a4cc4c8172e3e09d310/element HTTP/1.1" 200 88
2022-05-24 10:33:08,431 :DEBUG : selenium.webdriver.remote.remote_connection :Finished Request
2022-05-24 10:33:08,431 :DEBUG : selenium.webdriver.remote.remote_connection :POST http://localhost:64706/session/5e1ae2b721d66a4cc4c8172e3e09d310/element/a75b88fc-5aaa-4ff8-b985-d70dd9bc5412/value {"text": "YaroBarogmail.com", "value": ["Y", "a", "r", "o", "B", "a", "r", "o", "g", "m", "a", "i", "l", ".", "c", "o", "m"], "id": "a75b88fc-5aaa-4ff8-b985-d70dd9bc5412"}
2022-05-24 10:33:08,497 :DEBUG : urllib3.connectionpool :http://localhost:64706 "POST /session/5e1ae2b721d66a4cc4c8172e3e09d310/element/a75b88fc-5aaa-4ff8-b985-d70dd9bc5412/value HTTP/1.1" 200 14
2022-05-24 10:33:08,498 :DEBUG : selenium.webdriver.remote.remote_connection :Finished Request
2022-05-24 10:33:08,499 :INFO : root :Inputed email: YaroBarogmail.com
2022-05-24 10:33:08,500 :DEBUG : selenium.webdriver.remote.remote_connection :POST http://localhost:64706/session/5e1ae2b721d66a4cc4c8172e3e09d310/element {"using": "css selector", "value": "[id=\"input-firstname\"]"}
2022-05-24 10:33:08,513 :DEBUG : urllib3.connectionpool :http://localhost:64706 "POST /session/5e1ae2b721d66a4cc4c8172e3e09d310/element HTTP/1.1" 200 88
2022-05-24 10:33:08,514 :DEBUG : selenium.webdriver.remote.remote_connection :Finished Request
2022-05-24 10:33:08,514 :DEBUG : selenium.webdriver.remote.remote_connection :POST http://localhost:64706/session/5e1ae2b721d66a4cc4c8172e3e09d310/element/e4d7c203-d7d6-48c5-b276-9f1cf5d37186/clear {"id": "e4d7c203-d7d6-48c5-b276-9f1cf5d37186"}
2022-05-24 10:33:08,546 :DEBUG : urllib3.connectionpool :http://localhost:64706 "POST /session/5e1ae2b721d66a4cc4c8172e3e09d310/element/e4d7c203-d7d6-48c5-b276-9f1cf5d37186/clear HTTP/1.1" 200 14
2022-05-24 10:33:08,546 :DEBUG : selenium.webdriver.remote.remote_connection :Finished Request
2022-05-24 10:33:08,546 :DEBUG : selenium.webdriver.remote.remote_connection :POST http://localhost:64706/session/5e1ae2b721d66a4cc4c8172e3e09d310/element {"using": "css selector", "value": "[id=\"input-firstname\"]"}
2022-05-24 10:33:08,562 :DEBUG : urllib3.connectionpool :http://localhost:64706 "POST /session/5e1ae2b721d66a4cc4c8172e3e09d310/element HTTP/1.1" 200 88
2022-05-24 10:33:08,563 :DEBUG : selenium.webdriver.remote.remote_connection :Finished Request
2022-05-24 10:33:08,563 :DEBUG : selenium.webdriver.remote.remote_connection :POST http://localhost:64706/session/5e1ae2b721d66a4cc4c8172e3e09d310/element/e4d7c203-d7d6-48c5-b276-9f1cf5d37186/value {"text": "Y", "value": ["Y"], "id": "e4d7c203-d7d6-48c5-b276-9f1cf5d37186"}
2022-05-24 10:33:08,604 :DEBUG : urllib3.connectionpool :http://localhost:64706 "POST /session/5e1ae2b721d66a4cc4c8172e3e09d310/element/e4d7c203-d7d6-48c5-b276-9f1cf5d37186/value HTTP/1.1" 200 14
2022-05-24 10:33:08,605 :DEBUG : selenium.webdriver.remote.remote_connection :Finished Request
2022-05-24 10:33:08,605 :INFO : root :Inputed firstname: Y
2022-05-24 10:33:08,607 :DEBUG : selenium.webdriver.remote.remote_connection :POST http://localhost:64706/session/5e1ae2b721d66a4cc4c8172e3e09d310/element {"using": "css selector", "value": "[id=\"input-lastname\"]"}
2022-05-24 10:33:08,620 :DEBUG : urllib3.connectionpool :http://localhost:64706 "POST /session/5e1ae2b721d66a4cc4c8172e3e09d310/element HTTP/1.1" 200 88
2022-05-24 10:33:08,620 :DEBUG : selenium.webdriver.remote.remote_connection :Finished Request
2022-05-24 10:33:08,620 :DEBUG : selenium.webdriver.remote.remote_connection :POST http://localhost:64706/session/5e1ae2b721d66a4cc4c8172e3e09d310/element/f62ff85d-31a9-4347-b360-c2317efef48b/clear {"id": "f62ff85d-31a9-4347-b360-c2317efef48b"}
2022-05-24 10:33:08,654 :DEBUG : urllib3.connectionpool :http://localhost:64706 "POST /session/5e1ae2b721d66a4cc4c8172e3e09d310/element/f62ff85d-31a9-4347-b360-c2317efef48b/clear HTTP/1.1" 200 14
2022-05-24 10:33:08,654 :DEBUG : selenium.webdriver.remote.remote_connection :Finished Request
2022-05-24 10:33:08,654 :DEBUG : selenium.webdriver.remote.remote_connection :POST http://localhost:64706/session/5e1ae2b721d66a4cc4c8172e3e09d310/element {"using": "css selector", "value": "[id=\"input-lastname\"]"}
2022-05-24 10:33:08,662 :DEBUG : urllib3.connectionpool :http://localhost:64706 "POST /session/5e1ae2b721d66a4cc4c8172e3e09d310/element HTTP/1.1" 200 88
2022-05-24 10:33:08,666 :DEBUG : selenium.webdriver.remote.remote_connection :Finished Request
2022-05-24 10:33:08,666 :DEBUG : selenium.webdriver.remote.remote_connection :POST http://localhost:64706/session/5e1ae2b721d66a4cc4c8172e3e09d310/element/f62ff85d-31a9-4347-b360-c2317efef48b/value {"text": "B", "value": ["B"], "id": "f62ff85d-31a9-4347-b360-c2317efef48b"}
2022-05-24 10:33:08,709 :DEBUG : urllib3.connectionpool :http://localhost:64706 "POST /session/5e1ae2b721d66a4cc4c8172e3e09d310/element/f62ff85d-31a9-4347-b360-c2317efef48b/value HTTP/1.1" 200 14
2022-05-24 10:33:08,710 :DEBUG : selenium.webdriver.remote.remote_connection :Finished Request
2022-05-24 10:33:08,710 :INFO : root :Inputed lastname: B
2022-05-24 10:33:08,712 :DEBUG : selenium.webdriver.remote.remote_connection :POST http://localhost:64706/session/5e1ae2b721d66a4cc4c8172e3e09d310/element {"using": "css selector", "value": "[id=\"input-confirm\"]"}
2022-05-24 10:33:08,724 :DEBUG : urllib3.connectionpool :http://localhost:64706 "POST /session/5e1ae2b721d66a4cc4c8172e3e09d310/element HTTP/1.1" 200 88
2022-05-24 10:33:08,725 :DEBUG : selenium.webdriver.remote.remote_connection :Finished Request
2022-05-24 10:33:08,725 :DEBUG : selenium.webdriver.remote.remote_connection :POST http://localhost:64706/session/5e1ae2b721d66a4cc4c8172e3e09d310/element/1ba86313-f53c-40b1-9d10-028e77e72ff8/clear {"id": "1ba86313-f53c-40b1-9d10-028e77e72ff8"}
2022-05-24 10:33:08,764 :DEBUG : urllib3.connectionpool :http://localhost:64706 "POST /session/5e1ae2b721d66a4cc4c8172e3e09d310/element/1ba86313-f53c-40b1-9d10-028e77e72ff8/clear HTTP/1.1" 200 14
2022-05-24 10:33:08,765 :DEBUG : selenium.webdriver.remote.remote_connection :Finished Request
2022-05-24 10:33:08,765 :DEBUG : selenium.webdriver.remote.remote_connection :POST http://localhost:64706/session/5e1ae2b721d66a4cc4c8172e3e09d310/element {"using": "css selector", "value": "[id=\"input-confirm\"]"}
2022-05-24 10:33:08,772 :DEBUG : urllib3.connectionpool :http://localhost:64706 "POST /session/5e1ae2b721d66a4cc4c8172e3e09d310/element HTTP/1.1" 200 88
2022-05-24 10:33:08,772 :DEBUG : selenium.webdriver.remote.remote_connection :Finished Request
2022-05-24 10:33:08,773 :DEBUG : selenium.webdriver.remote.remote_connection :POST http://localhost:64706/session/5e1ae2b721d66a4cc4c8172e3e09d310/element/1ba86313-f53c-40b1-9d10-028e77e72ff8/value {"text": "password", "value": ["p", "a", "s", "s", "w", "o", "r", "d"], "id": "1ba86313-f53c-40b1-9d10-028e77e72ff8"}
2022-05-24 10:33:08,824 :DEBUG : urllib3.connectionpool :http://localhost:64706 "POST /session/5e1ae2b721d66a4cc4c8172e3e09d310/element/1ba86313-f53c-40b1-9d10-028e77e72ff8/value HTTP/1.1" 200 14
2022-05-24 10:33:08,825 :DEBUG : selenium.webdriver.remote.remote_connection :Finished Request
2022-05-24 10:33:08,825 :INFO : root :Confirmed password:  password
2022-05-24 10:33:08,826 :DEBUG : selenium.webdriver.remote.remote_connection :POST http://localhost:64706/session/5e1ae2b721d66a4cc4c8172e3e09d310/element {"using": "css selector", "value": "[id=\"input-password\"]"}
2022-05-24 10:33:08,841 :DEBUG : urllib3.connectionpool :http://localhost:64706 "POST /session/5e1ae2b721d66a4cc4c8172e3e09d310/element HTTP/1.1" 200 88
2022-05-24 10:33:08,842 :DEBUG : selenium.webdriver.remote.remote_connection :Finished Request
2022-05-24 10:33:08,842 :DEBUG : selenium.webdriver.remote.remote_connection :POST http://localhost:64706/session/5e1ae2b721d66a4cc4c8172e3e09d310/element/b3b5e876-d9b7-42bd-9820-7b13bdf475da/clear {"id": "b3b5e876-d9b7-42bd-9820-7b13bdf475da"}
2022-05-24 10:33:08,882 :DEBUG : urllib3.connectionpool :http://localhost:64706 "POST /session/5e1ae2b721d66a4cc4c8172e3e09d310/element/b3b5e876-d9b7-42bd-9820-7b13bdf475da/clear HTTP/1.1" 200 14
2022-05-24 10:33:08,882 :DEBUG : selenium.webdriver.remote.remote_connection :Finished Request
2022-05-24 10:33:08,882 :DEBUG : selenium.webdriver.remote.remote_connection :POST http://localhost:64706/session/5e1ae2b721d66a4cc4c8172e3e09d310/element {"using": "css selector", "value": "[id=\"input-password\"]"}
2022-05-24 10:33:08,891 :DEBUG : urllib3.connectionpool :http://localhost:64706 "POST /session/5e1ae2b721d66a4cc4c8172e3e09d310/element HTTP/1.1" 200 88
2022-05-24 10:33:08,892 :DEBUG : selenium.webdriver.remote.remote_connection :Finished Request
2022-05-24 10:33:08,892 :DEBUG : selenium.webdriver.remote.remote_connection :POST http://localhost:64706/session/5e1ae2b721d66a4cc4c8172e3e09d310/element/b3b5e876-d9b7-42bd-9820-7b13bdf475da/value {"text": "pas", "value": ["p", "a", "s"], "id": "b3b5e876-d9b7-42bd-9820-7b13bdf475da"}
2022-05-24 10:33:08,940 :DEBUG : urllib3.connectionpool :http://localhost:64706 "POST /session/5e1ae2b721d66a4cc4c8172e3e09d310/element/b3b5e876-d9b7-42bd-9820-7b13bdf475da/value HTTP/1.1" 200 14
2022-05-24 10:33:08,940 :DEBUG : selenium.webdriver.remote.remote_connection :Finished Request
2022-05-24 10:33:08,941 :INFO : root :Inputed password: pas
2022-05-24 10:33:08,942 :DEBUG : selenium.webdriver.remote.remote_connection :POST http://localhost:64706/session/5e1ae2b721d66a4cc4c8172e3e09d310/element {"using": "css selector", "value": "[id=\"input-telephone\"]"}
2022-05-24 10:33:08,955 :DEBUG : urllib3.connectionpool :http://localhost:64706 "POST /session/5e1ae2b721d66a4cc4c8172e3e09d310/element HTTP/1.1" 200 88
2022-05-24 10:33:08,955 :DEBUG : selenium.webdriver.remote.remote_connection :Finished Request
2022-05-24 10:33:08,956 :DEBUG : selenium.webdriver.remote.remote_connection :POST http://localhost:64706/session/5e1ae2b721d66a4cc4c8172e3e09d310/element/8e1b9462-4538-4ea2-b5ef-a3b9c4d8c66d/clear {"id": "8e1b9462-4538-4ea2-b5ef-a3b9c4d8c66d"}
2022-05-24 10:33:08,995 :DEBUG : urllib3.connectionpool :http://localhost:64706 "POST /session/5e1ae2b721d66a4cc4c8172e3e09d310/element/8e1b9462-4538-4ea2-b5ef-a3b9c4d8c66d/clear HTTP/1.1" 200 14
2022-05-24 10:33:08,995 :DEBUG : selenium.webdriver.remote.remote_connection :Finished Request
2022-05-24 10:33:08,996 :DEBUG : selenium.webdriver.remote.remote_connection :POST http://localhost:64706/session/5e1ae2b721d66a4cc4c8172e3e09d310/element {"using": "css selector", "value": "[id=\"input-telephone\"]"}
2022-05-24 10:33:09,001 :DEBUG : urllib3.connectionpool :http://localhost:64706 "POST /session/5e1ae2b721d66a4cc4c8172e3e09d310/element HTTP/1.1" 200 88
2022-05-24 10:33:09,004 :DEBUG : selenium.webdriver.remote.remote_connection :Finished Request
2022-05-24 10:33:09,004 :DEBUG : selenium.webdriver.remote.remote_connection :POST http://localhost:64706/session/5e1ae2b721d66a4cc4c8172e3e09d310/element/8e1b9462-4538-4ea2-b5ef-a3b9c4d8c66d/value {"text": "666", "value": ["6", "6", "6"], "id": "8e1b9462-4538-4ea2-b5ef-a3b9c4d8c66d"}
2022-05-24 10:33:09,048 :DEBUG : urllib3.connectionpool :http://localhost:64706 "POST /session/5e1ae2b721d66a4cc4c8172e3e09d310/element/8e1b9462-4538-4ea2-b5ef-a3b9c4d8c66d/value HTTP/1.1" 200 14
2022-05-24 10:33:09,049 :DEBUG : selenium.webdriver.remote.remote_connection :Finished Request
2022-05-24 10:33:09,049 :INFO : root :Inputed telephone: 666
2022-05-24 10:33:09,050 :DEBUG : selenium.webdriver.remote.remote_connection :POST http://localhost:64706/session/5e1ae2b721d66a4cc4c8172e3e09d310/url {"url": "chrome://settings/clearBrowserData"}
2022-05-24 10:33:09,618 :DEBUG : urllib3.connectionpool :http://localhost:64706 "POST /session/5e1ae2b721d66a4cc4c8172e3e09d310/url HTTP/1.1" 200 14
2022-05-24 10:33:09,618 :DEBUG : selenium.webdriver.remote.remote_connection :Finished Request
2022-05-24 10:33:12,726 :DEBUG : selenium.webdriver.remote.remote_connection :DELETE http://localhost:64706/session/5e1ae2b721d66a4cc4c8172e3e09d310/window {}
2022-05-24 10:33:12,852 :DEBUG : urllib3.connectionpool :http://localhost:64706 "DELETE /session/5e1ae2b721d66a4cc4c8172e3e09d310/window HTTP/1.1" 200 12
2022-05-24 10:33:12,852 :DEBUG : selenium.webdriver.remote.remote_connection :Finished Request
2022-05-24 10:33:12,852 :DEBUG : selenium.webdriver.remote.remote_connection :DELETE http://localhost:64706/session/5e1ae2b721d66a4cc4c8172e3e09d310 {}
2022-05-24 10:33:12,911 :DEBUG : urllib3.connectionpool :http://localhost:64706 "DELETE /session/5e1ae2b721d66a4cc4c8172e3e09d310 HTTP/1.1" 200 14
2022-05-24 10:33:12,911 :DEBUG : selenium.webdriver.remote.remote_connection :Finished Request
2022-05-24 10:35:14,932 :DEBUG : selenium.webdriver.remote.remote_connection :POST http://localhost:64809/session/51c3fb0d62529631c47cf19c48ae3a8d/element {"using": "css selector", "value": "[id=\"input-email\"]"}
2022-05-24 10:35:14,948 :DEBUG : urllib3.connectionpool :http://localhost:64809 "POST /session/51c3fb0d62529631c47cf19c48ae3a8d/element HTTP/1.1" 200 88
2022-05-24 10:35:14,949 :DEBUG : selenium.webdriver.remote.remote_connection :Finished Request
2022-05-24 10:35:14,949 :DEBUG : selenium.webdriver.remote.remote_connection :POST http://localhost:64809/session/51c3fb0d62529631c47cf19c48ae3a8d/element/82f608fd-e79a-4bce-bbfa-f19d1facae73/clear {"id": "82f608fd-e79a-4bce-bbfa-f19d1facae73"}
2022-05-24 10:35:14,984 :DEBUG : urllib3.connectionpool :http://localhost:64809 "POST /session/51c3fb0d62529631c47cf19c48ae3a8d/element/82f608fd-e79a-4bce-bbfa-f19d1facae73/clear HTTP/1.1" 200 14
2022-05-24 10:35:14,984 :DEBUG : selenium.webdriver.remote.remote_connection :Finished Request
2022-05-24 10:35:14,990 :DEBUG : selenium.webdriver.remote.remote_connection :POST http://localhost:64809/session/51c3fb0d62529631c47cf19c48ae3a8d/element {"using": "css selector", "value": "[id=\"input-email\"]"}
2022-05-24 10:35:14,992 :DEBUG : urllib3.connectionpool :http://localhost:64809 "POST /session/51c3fb0d62529631c47cf19c48ae3a8d/element HTTP/1.1" 200 88
2022-05-24 10:35:14,992 :DEBUG : selenium.webdriver.remote.remote_connection :Finished Request
2022-05-24 10:35:14,992 :DEBUG : selenium.webdriver.remote.remote_connection :POST http://localhost:64809/session/51c3fb0d62529631c47cf19c48ae3a8d/element/82f608fd-e79a-4bce-bbfa-f19d1facae73/value {"text": "YaroBarogmail.com", "value": ["Y", "a", "r", "o", "B", "a", "r", "o", "g", "m", "a", "i", "l", ".", "c", "o", "m"], "id": "82f608fd-e79a-4bce-bbfa-f19d1facae73"}
2022-05-24 10:35:15,064 :DEBUG : urllib3.connectionpool :http://localhost:64809 "POST /session/51c3fb0d62529631c47cf19c48ae3a8d/element/82f608fd-e79a-4bce-bbfa-f19d1facae73/value HTTP/1.1" 200 14
2022-05-24 10:35:15,065 :DEBUG : selenium.webdriver.remote.remote_connection :Finished Request
2022-05-24 10:35:15,065 :INFO : root :Inputed email: YaroBarogmail.com
2022-05-24 10:35:15,066 :DEBUG : selenium.webdriver.remote.remote_connection :POST http://localhost:64809/session/51c3fb0d62529631c47cf19c48ae3a8d/element {"using": "css selector", "value": "[id=\"input-firstname\"]"}
2022-05-24 10:35:15,079 :DEBUG : urllib3.connectionpool :http://localhost:64809 "POST /session/51c3fb0d62529631c47cf19c48ae3a8d/element HTTP/1.1" 200 88
2022-05-24 10:35:15,080 :DEBUG : selenium.webdriver.remote.remote_connection :Finished Request
2022-05-24 10:35:15,080 :DEBUG : selenium.webdriver.remote.remote_connection :POST http://localhost:64809/session/51c3fb0d62529631c47cf19c48ae3a8d/element/0dd11fcd-ba33-48a1-b637-349a74d156b2/clear {"id": "0dd11fcd-ba33-48a1-b637-349a74d156b2"}
2022-05-24 10:35:15,104 :DEBUG : urllib3.connectionpool :http://localhost:64809 "POST /session/51c3fb0d62529631c47cf19c48ae3a8d/element/0dd11fcd-ba33-48a1-b637-349a74d156b2/clear HTTP/1.1" 200 14
2022-05-24 10:35:15,119 :DEBUG : selenium.webdriver.remote.remote_connection :Finished Request
2022-05-24 10:35:15,119 :DEBUG : selenium.webdriver.remote.remote_connection :POST http://localhost:64809/session/51c3fb0d62529631c47cf19c48ae3a8d/element {"using": "css selector", "value": "[id=\"input-firstname\"]"}
2022-05-24 10:35:15,127 :DEBUG : urllib3.connectionpool :http://localhost:64809 "POST /session/51c3fb0d62529631c47cf19c48ae3a8d/element HTTP/1.1" 200 88
2022-05-24 10:35:15,127 :DEBUG : selenium.webdriver.remote.remote_connection :Finished Request
2022-05-24 10:35:15,128 :DEBUG : selenium.webdriver.remote.remote_connection :POST http://localhost:64809/session/51c3fb0d62529631c47cf19c48ae3a8d/element/0dd11fcd-ba33-48a1-b637-349a74d156b2/value {"text": "Y", "value": ["Y"], "id": "0dd11fcd-ba33-48a1-b637-349a74d156b2"}
2022-05-24 10:35:15,172 :DEBUG : urllib3.connectionpool :http://localhost:64809 "POST /session/51c3fb0d62529631c47cf19c48ae3a8d/element/0dd11fcd-ba33-48a1-b637-349a74d156b2/value HTTP/1.1" 200 14
2022-05-24 10:35:15,173 :DEBUG : selenium.webdriver.remote.remote_connection :Finished Request
2022-05-24 10:35:15,173 :INFO : root :Inputed firstname: Y
2022-05-24 10:35:15,174 :DEBUG : selenium.webdriver.remote.remote_connection :POST http://localhost:64809/session/51c3fb0d62529631c47cf19c48ae3a8d/element {"using": "css selector", "value": "[id=\"input-lastname\"]"}
2022-05-24 10:35:15,186 :DEBUG : urllib3.connectionpool :http://localhost:64809 "POST /session/51c3fb0d62529631c47cf19c48ae3a8d/element HTTP/1.1" 200 88
2022-05-24 10:35:15,186 :DEBUG : selenium.webdriver.remote.remote_connection :Finished Request
2022-05-24 10:35:15,186 :DEBUG : selenium.webdriver.remote.remote_connection :POST http://localhost:64809/session/51c3fb0d62529631c47cf19c48ae3a8d/element/d818b224-ca4a-4795-8d4c-442e0ff3d785/clear {"id": "d818b224-ca4a-4795-8d4c-442e0ff3d785"}
2022-05-24 10:35:15,225 :DEBUG : urllib3.connectionpool :http://localhost:64809 "POST /session/51c3fb0d62529631c47cf19c48ae3a8d/element/d818b224-ca4a-4795-8d4c-442e0ff3d785/clear HTTP/1.1" 200 14
2022-05-24 10:35:15,226 :DEBUG : selenium.webdriver.remote.remote_connection :Finished Request
2022-05-24 10:35:15,226 :DEBUG : selenium.webdriver.remote.remote_connection :POST http://localhost:64809/session/51c3fb0d62529631c47cf19c48ae3a8d/element {"using": "css selector", "value": "[id=\"input-lastname\"]"}
2022-05-24 10:35:15,233 :DEBUG : urllib3.connectionpool :http://localhost:64809 "POST /session/51c3fb0d62529631c47cf19c48ae3a8d/element HTTP/1.1" 200 88
2022-05-24 10:35:15,233 :DEBUG : selenium.webdriver.remote.remote_connection :Finished Request
2022-05-24 10:35:15,234 :DEBUG : selenium.webdriver.remote.remote_connection :POST http://localhost:64809/session/51c3fb0d62529631c47cf19c48ae3a8d/element/d818b224-ca4a-4795-8d4c-442e0ff3d785/value {"text": "B", "value": ["B"], "id": "d818b224-ca4a-4795-8d4c-442e0ff3d785"}
2022-05-24 10:35:15,278 :DEBUG : urllib3.connectionpool :http://localhost:64809 "POST /session/51c3fb0d62529631c47cf19c48ae3a8d/element/d818b224-ca4a-4795-8d4c-442e0ff3d785/value HTTP/1.1" 200 14
2022-05-24 10:35:15,278 :DEBUG : selenium.webdriver.remote.remote_connection :Finished Request
2022-05-24 10:35:15,279 :INFO : root :Inputed lastname: B
2022-05-24 10:35:15,280 :DEBUG : selenium.webdriver.remote.remote_connection :POST http://localhost:64809/session/51c3fb0d62529631c47cf19c48ae3a8d/element {"using": "css selector", "value": "[id=\"input-confirm\"]"}
2022-05-24 10:35:15,293 :DEBUG : urllib3.connectionpool :http://localhost:64809 "POST /session/51c3fb0d62529631c47cf19c48ae3a8d/element HTTP/1.1" 200 88
2022-05-24 10:35:15,294 :DEBUG : selenium.webdriver.remote.remote_connection :Finished Request
2022-05-24 10:35:15,294 :DEBUG : selenium.webdriver.remote.remote_connection :POST http://localhost:64809/session/51c3fb0d62529631c47cf19c48ae3a8d/element/16ad7b23-a7e7-443c-b29a-9f366c45b819/clear {"id": "16ad7b23-a7e7-443c-b29a-9f366c45b819"}
2022-05-24 10:35:15,332 :DEBUG : urllib3.connectionpool :http://localhost:64809 "POST /session/51c3fb0d62529631c47cf19c48ae3a8d/element/16ad7b23-a7e7-443c-b29a-9f366c45b819/clear HTTP/1.1" 200 14
2022-05-24 10:35:15,332 :DEBUG : selenium.webdriver.remote.remote_connection :Finished Request
2022-05-24 10:35:15,333 :DEBUG : selenium.webdriver.remote.remote_connection :POST http://localhost:64809/session/51c3fb0d62529631c47cf19c48ae3a8d/element {"using": "css selector", "value": "[id=\"input-confirm\"]"}
2022-05-24 10:35:15,339 :DEBUG : urllib3.connectionpool :http://localhost:64809 "POST /session/51c3fb0d62529631c47cf19c48ae3a8d/element HTTP/1.1" 200 88
2022-05-24 10:35:15,339 :DEBUG : selenium.webdriver.remote.remote_connection :Finished Request
2022-05-24 10:35:15,340 :DEBUG : selenium.webdriver.remote.remote_connection :POST http://localhost:64809/session/51c3fb0d62529631c47cf19c48ae3a8d/element/16ad7b23-a7e7-443c-b29a-9f366c45b819/value {"text": "password", "value": ["p", "a", "s", "s", "w", "o", "r", "d"], "id": "16ad7b23-a7e7-443c-b29a-9f366c45b819"}
2022-05-24 10:35:15,388 :DEBUG : urllib3.connectionpool :http://localhost:64809 "POST /session/51c3fb0d62529631c47cf19c48ae3a8d/element/16ad7b23-a7e7-443c-b29a-9f366c45b819/value HTTP/1.1" 200 14
2022-05-24 10:35:15,389 :DEBUG : selenium.webdriver.remote.remote_connection :Finished Request
2022-05-24 10:35:15,389 :INFO : root :Confirmed password:  password
2022-05-24 10:35:15,390 :DEBUG : selenium.webdriver.remote.remote_connection :POST http://localhost:64809/session/51c3fb0d62529631c47cf19c48ae3a8d/element {"using": "css selector", "value": "[id=\"input-password\"]"}
2022-05-24 10:35:15,405 :DEBUG : urllib3.connectionpool :http://localhost:64809 "POST /session/51c3fb0d62529631c47cf19c48ae3a8d/element HTTP/1.1" 200 88
2022-05-24 10:35:15,405 :DEBUG : selenium.webdriver.remote.remote_connection :Finished Request
2022-05-24 10:35:15,405 :DEBUG : selenium.webdriver.remote.remote_connection :POST http://localhost:64809/session/51c3fb0d62529631c47cf19c48ae3a8d/element/0dd8b622-bbd7-4d55-b9a7-dff13c949c13/clear {"id": "0dd8b622-bbd7-4d55-b9a7-dff13c949c13"}
2022-05-24 10:35:15,461 :DEBUG : urllib3.connectionpool :http://localhost:64809 "POST /session/51c3fb0d62529631c47cf19c48ae3a8d/element/0dd8b622-bbd7-4d55-b9a7-dff13c949c13/clear HTTP/1.1" 200 14
2022-05-24 10:35:15,461 :DEBUG : selenium.webdriver.remote.remote_connection :Finished Request
2022-05-24 10:35:15,462 :DEBUG : selenium.webdriver.remote.remote_connection :POST http://localhost:64809/session/51c3fb0d62529631c47cf19c48ae3a8d/element {"using": "css selector", "value": "[id=\"input-password\"]"}
2022-05-24 10:35:15,467 :DEBUG : urllib3.connectionpool :http://localhost:64809 "POST /session/51c3fb0d62529631c47cf19c48ae3a8d/element HTTP/1.1" 200 88
2022-05-24 10:35:15,468 :DEBUG : selenium.webdriver.remote.remote_connection :Finished Request
2022-05-24 10:35:15,469 :DEBUG : selenium.webdriver.remote.remote_connection :POST http://localhost:64809/session/51c3fb0d62529631c47cf19c48ae3a8d/element/0dd8b622-bbd7-4d55-b9a7-dff13c949c13/value {"text": "pas", "value": ["p", "a", "s"], "id": "0dd8b622-bbd7-4d55-b9a7-dff13c949c13"}
2022-05-24 10:35:15,513 :DEBUG : urllib3.connectionpool :http://localhost:64809 "POST /session/51c3fb0d62529631c47cf19c48ae3a8d/element/0dd8b622-bbd7-4d55-b9a7-dff13c949c13/value HTTP/1.1" 200 14
2022-05-24 10:35:15,514 :DEBUG : selenium.webdriver.remote.remote_connection :Finished Request
2022-05-24 10:35:15,514 :INFO : root :Inputed password: pas
2022-05-24 10:35:15,515 :DEBUG : selenium.webdriver.remote.remote_connection :POST http://localhost:64809/session/51c3fb0d62529631c47cf19c48ae3a8d/element {"using": "css selector", "value": "[id=\"input-telephone\"]"}
2022-05-24 10:35:15,528 :DEBUG : urllib3.connectionpool :http://localhost:64809 "POST /session/51c3fb0d62529631c47cf19c48ae3a8d/element HTTP/1.1" 200 88
2022-05-24 10:35:15,529 :DEBUG : selenium.webdriver.remote.remote_connection :Finished Request
2022-05-24 10:35:15,529 :DEBUG : selenium.webdriver.remote.remote_connection :POST http://localhost:64809/session/51c3fb0d62529631c47cf19c48ae3a8d/element/4b90c26a-80fa-4e63-905a-78f737b142ba/clear {"id": "4b90c26a-80fa-4e63-905a-78f737b142ba"}
2022-05-24 10:35:15,565 :DEBUG : urllib3.connectionpool :http://localhost:64809 "POST /session/51c3fb0d62529631c47cf19c48ae3a8d/element/4b90c26a-80fa-4e63-905a-78f737b142ba/clear HTTP/1.1" 200 14
2022-05-24 10:35:15,565 :DEBUG : selenium.webdriver.remote.remote_connection :Finished Request
2022-05-24 10:35:15,566 :DEBUG : selenium.webdriver.remote.remote_connection :POST http://localhost:64809/session/51c3fb0d62529631c47cf19c48ae3a8d/element {"using": "css selector", "value": "[id=\"input-telephone\"]"}
2022-05-24 10:35:15,572 :DEBUG : urllib3.connectionpool :http://localhost:64809 "POST /session/51c3fb0d62529631c47cf19c48ae3a8d/element HTTP/1.1" 200 88
2022-05-24 10:35:15,572 :DEBUG : selenium.webdriver.remote.remote_connection :Finished Request
2022-05-24 10:35:15,573 :DEBUG : selenium.webdriver.remote.remote_connection :POST http://localhost:64809/session/51c3fb0d62529631c47cf19c48ae3a8d/element/4b90c26a-80fa-4e63-905a-78f737b142ba/value {"text": "666", "value": ["6", "6", "6"], "id": "4b90c26a-80fa-4e63-905a-78f737b142ba"}
2022-05-24 10:35:15,642 :DEBUG : urllib3.connectionpool :http://localhost:64809 "POST /session/51c3fb0d62529631c47cf19c48ae3a8d/element/4b90c26a-80fa-4e63-905a-78f737b142ba/value HTTP/1.1" 200 14
2022-05-24 10:35:15,642 :DEBUG : selenium.webdriver.remote.remote_connection :Finished Request
2022-05-24 10:35:15,643 :INFO : root :Inputed telephone: 666
2022-05-24 10:35:15,643 :DEBUG : selenium.webdriver.remote.remote_connection :POST http://localhost:64809/session/51c3fb0d62529631c47cf19c48ae3a8d/url {"url": "chrome://settings/clearBrowserData"}
2022-05-24 10:35:16,253 :DEBUG : urllib3.connectionpool :http://localhost:64809 "POST /session/51c3fb0d62529631c47cf19c48ae3a8d/url HTTP/1.1" 200 14
2022-05-24 10:35:16,254 :DEBUG : selenium.webdriver.remote.remote_connection :Finished Request
2022-05-24 10:35:19,372 :DEBUG : selenium.webdriver.remote.remote_connection :DELETE http://localhost:64809/session/51c3fb0d62529631c47cf19c48ae3a8d/window {}
2022-05-24 10:35:19,481 :DEBUG : urllib3.connectionpool :http://localhost:64809 "DELETE /session/51c3fb0d62529631c47cf19c48ae3a8d/window HTTP/1.1" 200 12
2022-05-24 10:35:19,482 :DEBUG : selenium.webdriver.remote.remote_connection :Finished Request
2022-05-24 10:35:19,482 :DEBUG : selenium.webdriver.remote.remote_connection :DELETE http://localhost:64809/session/51c3fb0d62529631c47cf19c48ae3a8d {}
2022-05-24 10:35:19,533 :DEBUG : urllib3.connectionpool :http://localhost:64809 "DELETE /session/51c3fb0d62529631c47cf19c48ae3a8d HTTP/1.1" 200 14
2022-05-24 10:35:19,533 :DEBUG : selenium.webdriver.remote.remote_connection :Finished Request
2022-05-24 10:36:00,528 :INFO : root :Inputed email: YaroBarogmail.com
2022-05-24 10:36:00,633 :INFO : root :Inputed firstname: Y
2022-05-24 10:36:00,732 :INFO : root :Inputed lastname: B
2022-05-24 10:36:00,840 :INFO : root :Confirmed password:  password
2022-05-24 10:36:00,951 :INFO : root :Inputed password: pas
2022-05-24 10:36:01,058 :INFO : root :Inputed telephone: 666
2022-05-24 10:36:25,721 :INFO : root :Inputed email: YaroBarogmail.com
2022-05-24 10:36:25,820 :INFO : root :Inputed firstname: Y
2022-05-24 10:36:25,921 :INFO : root :Inputed lastname: B
2022-05-24 10:36:26,025 :INFO : root :Confirmed password:  password
2022-05-24 10:36:26,130 :INFO : root :Inputed password: pas
2022-05-24 10:36:26,230 :INFO : root :Inputed telephone: 666
2022-05-24 10:40:43,298 :INFO : root :Inputed email: YaroBarogmail.com
2022-05-24 10:40:43,298 :INFO : root :E-Mail Address does not appear to be valid!
2022-05-24 10:40:43,399 :INFO : root :Inputed firstname: Y
2022-05-24 10:40:43,399 :INFO : root :First Name must be between 1 and 32 characters!
2022-05-24 10:40:43,500 :INFO : root :Inputed lastname: B
2022-05-24 10:40:43,500 :INFO : root :Last Name must be between 1 and 32 characters!
2022-05-24 10:40:43,617 :INFO : root :Confirmed password:  password
2022-05-24 10:40:43,740 :INFO : root :Inputed password: pas
2022-05-24 10:40:43,740 :INFO : root :Password must be between 4 and 20 characters!
2022-05-24 10:40:43,847 :INFO : root :Inputed telephone: 666
2022-05-24 10:40:43,847 :INFO : root :Telephone must be between 3 and 32 characters!
2022-05-24 10:45:01,053 :INFO : root :Confirmed password: password
2022-05-24 10:45:01,159 :INFO : root :Inputed password: password
2022-05-24 10:48:21,286 :INFO : root :Inputed email: YaroBaro@gmail.com
2022-05-24 10:48:21,286 :INFO : root :E-Mail Address does not appear to be valid!
2022-05-24 10:48:21,397 :INFO : root :Inputed firstname: Yaro
2022-05-24 10:48:21,499 :INFO : root :Inputed lastname: Baro
2022-05-24 10:48:21,606 :INFO : root :Confirmed password: password
2022-05-24 10:48:21,717 :INFO : root :Inputed password: password
2022-05-24 10:48:21,823 :INFO : root :Inputed telephone: 666444555
2022-05-24 10:49:32,633 :INFO : root :Inputed email: YaroBaro@gmail.com
2022-05-24 10:49:32,634 :INFO : root :E-Mail Address does not appear to be valid!
2022-05-24 10:49:32,739 :INFO : root :Inputed firstname: Yaro
2022-05-24 10:49:32,841 :INFO : root :Inputed lastname: Baro
2022-05-24 10:49:32,948 :INFO : root :Confirmed password: password
2022-05-24 10:49:33,064 :INFO : root :Inputed password: password
2022-05-24 10:49:33,171 :INFO : root :Inputed telephone: 666444555
2022-05-24 11:26:23,853 :INFO : root :Inputed email: YaroBaro@gmail.com
2022-05-24 11:26:23,945 :INFO : root :E-Mail Address does not appear to be valid!
2022-05-24 11:26:24,053 :INFO : root :Inputed firstname: Yaro
2022-05-24 11:26:24,157 :INFO : root :Inputed lastname: Baro
2022-05-24 11:26:24,266 :INFO : root :Confirmed password: password
2022-05-24 11:26:24,378 :INFO : root :Inputed password: password
2022-05-24 11:26:24,485 :INFO : root :Inputed telephone: 666444555
2022-05-24 11:26:34,146 :INFO : root :Inputed email: YaroBarogmail.com
2022-05-24 11:26:34,146 :INFO : root :Inputed email: YaroBarogmail.com
2022-05-24 11:26:34,146 :INFO : root :E-Mail Address does not appear to be valid!
2022-05-24 11:26:34,146 :INFO : root :E-Mail Address does not appear to be valid!
2022-05-24 11:26:34,248 :INFO : root :Inputed firstname: Y
2022-05-24 11:26:34,248 :INFO : root :Inputed firstname: Y
2022-05-24 11:26:34,249 :INFO : root :First Name must be between 1 and 32 characters!
2022-05-24 11:26:34,249 :INFO : root :First Name must be between 1 and 32 characters!
2022-05-24 11:26:34,349 :INFO : root :Inputed lastname: B
2022-05-24 11:26:34,349 :INFO : root :Inputed lastname: B
2022-05-24 11:26:34,349 :INFO : root :Last Name must be between 1 and 32 characters!
2022-05-24 11:26:34,349 :INFO : root :Last Name must be between 1 and 32 characters!
2022-05-24 11:26:34,456 :INFO : root :Confirmed password:  password
2022-05-24 11:26:34,456 :INFO : root :Confirmed password:  password
2022-05-24 11:26:34,565 :INFO : root :Inputed password: pas
2022-05-24 11:26:34,565 :INFO : root :Inputed password: pas
2022-05-24 11:26:34,566 :INFO : root :Password must be between 4 and 20 characters!
2022-05-24 11:26:34,566 :INFO : root :Password must be between 4 and 20 characters!
2022-05-24 11:26:34,672 :INFO : root :Inputed telephone: 666
2022-05-24 11:26:34,672 :INFO : root :Inputed telephone: 666
2022-05-24 11:26:34,673 :INFO : root :Telephone must be between 3 and 32 characters!
2022-05-24 11:26:34,673 :INFO : root :Telephone must be between 3 and 32 characters!
2022-05-24 11:31:25,584 :INFO : root :Inputed email: YaroBaro@gmail.com
2022-05-24 11:31:25,585 :INFO : root :E-Mail Address does not appear to be valid!
2022-05-24 11:31:25,689 :INFO : root :Inputed firstname: Yaro
2022-05-24 11:31:25,791 :INFO : root :Inputed lastname: Baro
2022-05-24 11:31:25,898 :INFO : root :Confirmed password: password
2022-05-24 11:31:26,012 :INFO : root :Inputed password: password
2022-05-24 11:31:26,116 :INFO : root :Inputed telephone: 666444555
2022-05-24 11:31:35,700 :INFO : root :Inputed email: YaroBarogmail.com
2022-05-24 11:31:35,700 :INFO : root :Inputed email: YaroBarogmail.com
2022-05-24 11:31:35,701 :INFO : root :E-Mail Address does not appear to be valid!
2022-05-24 11:31:35,701 :INFO : root :E-Mail Address does not appear to be valid!
2022-05-24 11:31:35,800 :INFO : root :Inputed firstname: Y
2022-05-24 11:31:35,800 :INFO : root :Inputed firstname: Y
2022-05-24 11:31:35,801 :INFO : root :First Name must be between 1 and 32 characters!
2022-05-24 11:31:35,801 :INFO : root :First Name must be between 1 and 32 characters!
2022-05-24 11:31:35,901 :INFO : root :Inputed lastname: B
2022-05-24 11:31:35,901 :INFO : root :Inputed lastname: B
2022-05-24 11:31:35,903 :INFO : root :Last Name must be between 1 and 32 characters!
2022-05-24 11:31:35,903 :INFO : root :Last Name must be between 1 and 32 characters!
2022-05-24 11:31:36,011 :INFO : root :Confirmed password:  password
2022-05-24 11:31:36,011 :INFO : root :Confirmed password:  password
2022-05-24 11:31:36,119 :INFO : root :Inputed password: pas
2022-05-24 11:31:36,119 :INFO : root :Inputed password: pas
2022-05-24 11:31:36,120 :INFO : root :Password must be between 4 and 20 characters!
2022-05-24 11:31:36,120 :INFO : root :Password must be between 4 and 20 characters!
2022-05-24 11:31:36,231 :INFO : root :Inputed telephone: 666
2022-05-24 11:31:36,231 :INFO : root :Inputed telephone: 666
2022-05-24 11:31:36,232 :INFO : root :Telephone must be between 3 and 32 characters!
2022-05-24 11:31:36,232 :INFO : root :Telephone must be between 3 and 32 characters!
2022-05-24 11:34:24,854 :INFO : root :Inputed email: YaroBaro@gmail.com
2022-05-24 11:34:24,855 :INFO : root :E-Mail Address does not appear to be valid!
2022-05-24 11:34:24,954 :INFO : root :Inputed firstname: Yaro
2022-05-24 11:34:25,066 :INFO : root :Inputed lastname: Baro
2022-05-24 11:34:25,170 :INFO : root :Confirmed password: password
2022-05-24 11:34:25,277 :INFO : root :Inputed password: password
2022-05-24 11:34:25,399 :INFO : root :Inputed telephone: 666444555
2022-05-24 11:34:35,160 :INFO : root :Inputed email: YaroBarogmail.com
2022-05-24 11:34:35,160 :INFO : root :Inputed email: YaroBarogmail.com
2022-05-24 11:34:35,161 :INFO : root :E-Mail Address does not appear to be valid!
2022-05-24 11:34:35,161 :INFO : root :E-Mail Address does not appear to be valid!
2022-05-24 11:34:35,269 :INFO : root :Inputed firstname: Y
2022-05-24 11:34:35,269 :INFO : root :Inputed firstname: Y
2022-05-24 11:34:35,271 :INFO : root :First Name must be between 1 and 32 characters!
2022-05-24 11:34:35,271 :INFO : root :First Name must be between 1 and 32 characters!
2022-05-24 11:34:35,375 :INFO : root :Inputed lastname: B
2022-05-24 11:34:35,375 :INFO : root :Inputed lastname: B
2022-05-24 11:34:35,376 :INFO : root :Last Name must be between 1 and 32 characters!
2022-05-24 11:34:35,376 :INFO : root :Last Name must be between 1 and 32 characters!
2022-05-24 11:34:35,487 :INFO : root :Confirmed password:  password
2022-05-24 11:34:35,487 :INFO : root :Confirmed password:  password
2022-05-24 11:34:35,598 :INFO : root :Inputed password: pas
2022-05-24 11:34:35,598 :INFO : root :Inputed password: pas
2022-05-24 11:34:35,600 :INFO : root :Password must be between 4 and 20 characters!
2022-05-24 11:34:35,600 :INFO : root :Password must be between 4 and 20 characters!
2022-05-24 11:34:35,707 :INFO : root :Inputed telephone: 666
2022-05-24 11:34:35,707 :INFO : root :Inputed telephone: 666
2022-05-24 11:34:35,710 :INFO : root :Telephone must be between 3 and 32 characters!
2022-05-24 11:34:35,710 :INFO : root :Telephone must be between 3 and 32 characters!
2022-05-25 09:49:55,537 :INFO : root :Inputed email: YaroBaro@gmail.com
2022-05-25 09:49:55,538 :INFO : root :E-Mail Address does not appear to be valid!
2022-05-25 09:49:56,624 :INFO : root :Inputed firstname: Yaro
2022-05-25 09:49:56,828 :INFO : root :Inputed lastname: Baro
2022-05-25 09:49:57,051 :INFO : root :Confirmed password: password
2022-05-25 09:49:57,309 :INFO : root :Inputed password: password
2022-05-25 09:49:57,563 :INFO : root :Inputed telephone: 666444555
2022-05-25 09:51:17,441 :INFO : root :Inputed email: YaroBaro@gmail.com
2022-05-25 09:51:17,442 :INFO : root :E-Mail Address does not appear to be valid!
2022-05-25 09:51:18,492 :INFO : root :Inputed firstname: Yaro
2022-05-25 09:51:18,743 :INFO : root :Inputed lastname: Baro
2022-05-25 09:51:19,018 :INFO : root :Confirmed password: password
2022-05-25 09:51:19,280 :INFO : root :Inputed password: password
2022-05-25 09:51:19,544 :INFO : root :Inputed telephone: 666444555
2022-05-25 09:57:06,036 :INFO : root :Inputed email: YB@gmail.com
2022-05-25 09:57:06,037 :INFO : root :E-Mail Address does not appear to be valid!
2022-05-25 09:57:06,250 :INFO : root :Inputed firstname: Yaro
2022-05-25 09:57:06,496 :INFO : root :Inputed lastname: Baro
2022-05-25 09:57:06,758 :INFO : root :Confirmed password: password
2022-05-25 09:57:07,027 :INFO : root :Inputed password: password
2022-05-25 09:57:07,308 :INFO : root :Inputed telephone: 666555444
2022-05-25 09:58:29,307 :INFO : root :Inputed email: YB@gmail.com
2022-05-25 09:58:29,308 :INFO : root :E-Mail Address does not appear to be valid!
2022-05-25 09:58:29,518 :INFO : root :Inputed firstname: Yaro
2022-05-25 09:58:29,762 :INFO : root :Inputed lastname: Baro
2022-05-25 09:58:30,020 :INFO : root :Confirmed password: password
2022-05-25 09:58:30,271 :INFO : root :Inputed password: password
2022-05-25 09:58:30,529 :INFO : root :Inputed telephone: 666555444
